<?xml version="1.0" encoding="UTF-8"?>
<!-- Generated by org.testng.reporters.JUnitReportReporter -->
<testsuite hostname="sis-PC" failures="0" tests="1" name="mavenproj.Extentreport" time="22.475" errors="0" timestamp="2022-02-12T12:01:57 IST" skipped="0">
  <testcase classname="mavenproj.Extentreport" name="sample" time="22.475"/>
  <system-out/>
</testsuite> <!-- mavenproj.Extentreport -->
