<?xml version="1.0" encoding="UTF-8"?>
<!-- Generated by org.testng.reporters.JUnitReportReporter -->
<testsuite hostname="sis-PC" failures="0" tests="1" name="mavenproj.Openamazon" time="5.515" errors="0" timestamp="2022-02-16T12:12:19 IST" skipped="0">
  <testcase classname="mavenproj.Openamazon" name="open" time="5.515"/>
  <system-out/>
</testsuite> <!-- mavenproj.Openamazon -->
